2025-08-08 | 08:53 - INFO - __main__: Inicio de aplicación
2025-08-08 | 08:53 - DEBUG - __main__: Inicio de debug
2025-08-08 | 08:53 - DEBUG - src.collectors.pokerstars_collector: PokerStars Collector initializated.
2025-08-08 | 08:53 - DEBUG - src.collectors.pokerstars_collector: Source path: C:\Users\PABLO\Documents\projects\SrLyce
2025-08-08 | 08:53 - DEBUG - src.collectors.pokerstars_collector: Destiny path: C:\Users\PABLO\Documents\projects\gto\data\raw_hand_history\pokerstars
2025-08-08 | 08:53 - INFO - src.collectors.pokerstars_collector: Checking folder
2025-08-08 | 08:53 - DEBUG - src.collectors.pokerstars_collector: Destination directory checked.
2025-08-08 | 08:53 - ERROR - src.collectors.pokerstars_collector: Source directory not exists.
2025-08-08 | 08:53 - DEBUG - src.base.base_parser: Base Parser initializated
2025-08-08 | 08:53 - DEBUG - src.parser.pokerstars_parser: PokerStars Parser Initializated
2025-08-08 | 08:53 - DEBUG - src.parser.pokerstars_parser: Source path: C:\Users\PABLO\Documents\projects\gto\data\raw_hand_history\pokerstars
2025-08-08 | 08:53 - DEBUG - src.parser.pokerstars_parser: Destiny path: C:\Users\PABLO\Documents\projects\gto\data\processed_hand_history\pokerstars
2025-08-08 | 08:53 - DEBUG - src.parser.pokerstars_parser: Formatted path: C:\Users\PABLO\Documents\projects\gto\data\formatted_hands
2025-08-08 | 08:53 - DEBUG - src.parser.pokerstars_parser: Starting parser function of pokerstars
2025-08-08 | 08:53 - DEBUG - src.parser.pokerstars_parser: Checking source folder...
2025-08-08 | 08:53 - DEBUG - src.analyzers.pokerstars_analyzer: PokerStars Analyzer initializated.
2025-08-08 | 08:53 - DEBUG - src.analyzers.pokerstars_analyzer: Source path: C:\Users\PABLO\Documents\projects\gto\data\processed_hand_history\pokerstars
2025-08-08 | 08:53 - DEBUG - src.analyzers.pokerstars_analyzer: Formatted path: C:\Users\PABLO\Documents\projects\gto\data\formatted_hands
2025-08-08 | 08:53 - DEBUG - src.analyzers.pokerstars_analyzer: Analyzed path: C:\Users\PABLO\Documents\projects\gto\data\analyzed_hands
2025-08-08 | 08:53 - DEBUG - src.rooms.pokerstars_room: PokerStars Room initializated.
2025-08-08 | 08:53 - INFO - __main__: Procesando sala: pokerstars
2025-08-08 | 08:53 - INFO - __main__: Fin de aplicación


