2025-08-07 | 13:11 - INFO - __main__: Inicio de aplicación
2025-08-07 | 13:11 - DEBUG - __main__: Inicio de debug
2025-08-07 | 13:11 - DEBUG - src.collectors.pokerstars_collector: PokerStars Collector initializated.
2025-08-07 | 13:11 - DEBUG - src.collectors.pokerstars_collector: Source path: C:\Users\Pablo\AppData\Local\PokerStars.ES\HandHistory\SrLyce
2025-08-07 | 13:11 - DEBUG - src.collectors.pokerstars_collector: Destiny path: C:\Users\PABLO\Documents\projects\gto\data\raw_hand_history\pokerstars
2025-08-07 | 13:11 - DEBUG - src.base.base_parser: Base Parser initializated
2025-08-07 | 13:11 - DEBUG - src.parser.pokerstars_parser: PokerStars Parser Initializated
2025-08-07 | 13:11 - DEBUG - src.parser.pokerstars_parser: Source path: C:\Users\PABLO\Documents\projects\gto\data\raw_hand_history\pokerstars
2025-08-07 | 13:11 - DEBUG - src.parser.pokerstars_parser: Destiny path: C:\Users\PABLO\Documents\projects\gto\data\processed_hand_history\pokerstars
2025-08-07 | 13:11 - CRITICAL - __main__: An critical error has been on main: Can't instantiate abstract class PokerStarsAnalyzer without an implementation for abstract method 'analyze_file'
Traceback (most recent call last):
  File "C:\Users\PABLO\Documents\projects\gto\src\main.py", line 29, in <module>
    main()
  File "C:\Users\PABLO\Documents\projects\gto\src\main.py", line 20, in main
    rooms = [ PokerStarsRoom() ]
              ^^^^^^^^^^^^^^^^
  File "C:\Users\PABLO\Documents\projects\gto\src\rooms\pokerstars_room.py", line 16, in __init__
    self.analyzer = PokerStarsAnalyzer(self.name_room, active=True)
                    ^^^^^^^^^^^^^^^^^^^^^^^^^^^^^^^^^^^^^^^^^^^^^^^
TypeError: Can't instantiate abstract class PokerStarsAnalyzer without an implementation for abstract method 'analyze_file'
