2025-08-07 | 13:06 - INFO - __main__: Inicio de aplicación
2025-08-07 | 13:06 - DEBUG - __main__: Inicio de debug
2025-08-07 | 13:06 - DEBUG - src.collectors.pokerstars_collector: PokerStars Collector initializated.
2025-08-07 | 13:06 - DEBUG - src.collectors.pokerstars_collector: Source path: C:\Users\Pablo\AppData\Local\PokerStars.ES\HandHistory\SrLyce
2025-08-07 | 13:06 - DEBUG - src.collectors.pokerstars_collector: Destiny path: C:\Users\PABLO\Documents\projects\gto\data\raw_hand_history\pokerstars
2025-08-07 | 13:06 - DEBUG - src.base.base_parser: Base Parser initializated
2025-08-07 | 13:06 - DEBUG - src.parser.pokerstars_parser: PokerStars Parser Initializated
2025-08-07 | 13:06 - DEBUG - src.parser.pokerstars_parser: Source path: C:\Users\PABLO\Documents\projects\gto\data\raw_hand_history\pokerstars
2025-08-07 | 13:06 - DEBUG - src.parser.pokerstars_parser: Destiny path: C:\Users\PABLO\Documents\projects\gto\data\processed_hand_history\pokerstars
2025-08-07 | 13:06 - DEBUG - src.analyzers.pokerstars_analyzer: PokerStars Analyzer initializated.
2025-08-07 | 13:06 - DEBUG - src.analyzers.pokerstars_analyzer: Source path: C:\Users\PABLO\Documents\projects\gto\data\processed_hand_history\pokerstars
2025-08-07 | 13:06 - DEBUG - src.analyzers.pokerstars_analyzer: Destiny path: C:\Users\PABLO\Documents\projects\gto\data\analyzed_hands
2025-08-07 | 13:06 - DEBUG - src.analyzers.pokerstars_analyzer: Primeras líneas de la mano:
﻿Mano n.º 257069909159 de PokerStars:  Hold'em No Limit (0.01 €/0.02 € EUR) - 24-07-2025 15:26:04 CET [24-07-2025 9:26:04 ET]
Mesa "Lavonne VI" 6-max El asiento n.º 6 es el botón
Asiento 4: Clearko (1
2025-08-07 | 13:06 - DEBUG - src.analyzers.pokerstars_analyzer: Cabecera extraída: hand_id=257069909159, is_zoom=False, sb=0.01, bb=0.02, date=24-07-2025 15:26:04, game_type=holdem
2025-08-07 | 13:06 - DEBUG - src.analyzers.pokerstars_analyzer: Mesa: Lavonne VI, Botón en asiento: 6
2025-08-07 | 13:06 - DEBUG - src.analyzers.pokerstars_analyzer: Stacks (en BB): {'Clearko': 50.0, 'sindel296': 55.0, 'SrLyce': 50.0, 'levieux854': 56.5, 'Verdulio': 20.0, 'sifilis5': 144.0}
2025-08-07 | 13:06 - DEBUG - src.analyzers.pokerstars_analyzer: Héroe: SrLyce, Cartas: ['Kc', '7h']
2025-08-07 | 13:06 - DEBUG - src.analyzers.pokerstars_analyzer: Acciones extraídas: {'preflop': ["\ufeffMano n.º 257069909159 de PokerStars:  Hold'em No Limit (0.01 €/0.02 € EUR) - 24-07-2025 15:26:04 CET [24-07-2025 9:26:04 ET]", 'Asiento 4: Clearko (1 € en fichas) está ausente', 'Asiento 1: sindel296 (1.10 € en fichas)', 'Asiento 2: SrLyce (1 € en fichas)', 'Asiento 3: levieux854 (1.13 € en fichas)', 'Asiento 5: Verdulio (0.40 € en fichas)', 'Asiento 6: sifilis5 (2.88 € en fichas)', 'sindel296: pone la ciega pequeña 0.01 €', 'SrLyce: pone la ciega grande 0.02 €', 'Clearko: se ausenta', 'levieux854: iguala 0.02 €', 'Verdulio: se retira', 'sifilis5: se retira', 'sindel296: se retira', 'SrLyce: pasa'], 'flop': ['SrLyce: apuesta 0.02 €', 'levieux854: iguala 0.02 €'], 'turn': ['SrLyce: apuesta 0.04 €', 'levieux854: iguala 0.04 €'], 'river': ['SrLyce: pasa', 'levieux854: apuesta 0.06 €', 'SrLyce: se retira', 'levieux854: no muestra su mano', 'Asiento 4: Clearko', 'Asiento 1: sindel296 (ciega pequeña) se retiró antes del Flop', 'Asiento 2: SrLyce (ciega grande) se retiró en el River', 'Asiento 3: levieux854 recaudó (0.16 €)', 'Asiento 5: Verdulio se retiró antes del Flop (no apostó)', 'Asiento 6: sifilis5 (botón) se retiró antes del Flop (no apostó)']}
2025-08-07 | 13:06 - DEBUG - src.analyzers.pokerstars_analyzer: Board: ['2d', 'Th', '2h', '6s', 'Js']
2025-08-07 | 13:06 - DEBUG - src.analyzers.pokerstars_analyzer: Ganador: levieux854, Ganancia (BB): 8.0
2025-08-07 | 13:06 - DEBUG - src.analyzers.pokerstars_analyzer: Rake (BB): 0.5
2025-08-07 | 13:06 - DEBUG - src.analyzers.pokerstars_analyzer: Objeto StandardHand creado: StandardHand(hand_id='257069909159', date='24-07-2025 15:26:04', table='Lavonne VI', game_type='holdem', hero='SrLyce', hero_position='', hero_cards=['Kc', '7h'], stacks={'Clearko': 50.0, 'sindel296': 55.0, 'SrLyce': 50.0, 'levieux854': 56.5, 'Verdulio': 20.0, 'sifilis5': 144.0}, actions={'preflop': ["\ufeffMano n.º 257069909159 de PokerStars:  Hold'em No Limit (0.01 €/0.02 € EUR) - 24-07-2025 15:26:04 CET [24-07-2025 9:26:04 ET]", 'Asiento 4: Clearko (1 € en fichas) está ausente', 'Asiento 1: sindel296 (1.10 € en fichas)', 'Asiento 2: SrLyce (1 € en fichas)', 'Asiento 3: levieux854 (1.13 € en fichas)', 'Asiento 5: Verdulio (0.40 € en fichas)', 'Asiento 6: sifilis5 (2.88 € en fichas)', 'sindel296: pone la ciega pequeña 0.01 €', 'SrLyce: pone la ciega grande 0.02 €', 'Clearko: se ausenta', 'levieux854: iguala 0.02 €', 'Verdulio: se retira', 'sifilis5: se retira', 'sindel296: se retira', 'SrLyce: pasa'], 'flop': ['SrLyce: apuesta 0.02 €', 'levieux854: iguala 0.02 €'], 'turn': ['SrLyce: apuesta 0.04 €', 'levieux854: iguala 0.04 €'], 'river': ['SrLyce: pasa', 'levieux854: apuesta 0.06 €', 'SrLyce: se retira', 'levieux854: no muestra su mano', 'Asiento 4: Clearko', 'Asiento 1: sindel296 (ciega pequeña) se retiró antes del Flop', 'Asiento 2: SrLyce (ciega grande) se retiró en el River', 'Asiento 3: levieux854 recaudó (0.16 €)', 'Asiento 5: Verdulio se retiró antes del Flop (no apostó)', 'Asiento 6: sifilis5 (botón) se retiró antes del Flop (no apostó)']}, board=['2d', 'Th', '2h', '6s', 'Js'], winner='levieux854', win_amount=8.0, sb=0.01, bb=0.02, rake=0.5)
2025-08-07 | 13:06 - INFO - src.analyzers.pokerstars_analyzer: Procesada solo la mano de prueba: 257069909159.txt
2025-08-07 | 13:06 - DEBUG - src.rooms.pokerstars_room: PokerStars Room initializated.
2025-08-07 | 13:06 - INFO - __main__: Procesando sala: pokerstars
2025-08-07 | 13:06 - INFO - __main__: Fin de aplicación


